<?xml version="1.0" encoding="UTF-8" ?>
<testsuite tests="48" failures="0" name="net.mooctest.JipaTest" time="0.058" errors="0" skipped="0">
  <properties>
    <property name="java.runtime.name" value="Java(TM) SE Runtime Environment"/>
    <property name="sun.boot.library.path" value="C:\Program Files\Java\jdk\jre\bin"/>
    <property name="java.vm.version" value="25.201-b09"/>
    <property name="java.vm.vendor" value="Oracle Corporation"/>
    <property name="maven.multiModuleProjectDirectory" value="F:\eclipse_win64"/>
    <property name="java.vendor.url" value="http://java.oracle.com/"/>
    <property name="path.separator" value=";"/>
    <property name="guice.disable.misplaced.annotation.check" value="true"/>
    <property name="java.vm.name" value="Java HotSpot(TM) 64-Bit Server VM"/>
    <property name="file.encoding.pkg" value="sun.io"/>
    <property name="user.script" value=""/>
    <property name="user.country" value="CN"/>
    <property name="sun.java.launcher" value="SUN_STANDARD"/>
    <property name="sun.os.patch.level" value=""/>
    <property name="java.vm.specification.name" value="Java Virtual Machine Specification"/>
    <property name="user.dir" value="F:\eclipse_win64"/>
    <property name="java.runtime.version" value="1.8.0_201-b09"/>
    <property name="java.awt.graphicsenv" value="sun.awt.Win32GraphicsEnvironment"/>
    <property name="java.endorsed.dirs" value="C:\Program Files\Java\jdk\jre\lib\endorsed"/>
    <property name="os.arch" value="amd64"/>
    <property name="java.io.tmpdir" value="C:\Users\ADMINI~1\AppData\Local\Temp\"/>
    <property name="line.separator" value="
"/>
    <property name="java.vm.specification.vendor" value="Oracle Corporation"/>
    <property name="user.variant" value=""/>
    <property name="os.name" value="Windows 10"/>
    <property name="classworlds.conf" value="D:\Maven\bin\..\bin\m2.conf"/>
    <property name="sun.jnu.encoding" value="GBK"/>
    <property name="java.library.path" value="C:\Program Files\Java\jdk\bin;C:\Windows\Sun\Java\bin;C:\Windows\system32;C:\Windows;C:/Program Files/Java/jdk/bin/../jre/bin/server;C:/Program Files/Java/jdk/bin/../jre/bin;C:/Program Files/Java/jdk/bin/../jre/lib/amd64;E:\python\Scripts\;E:\python\;C:\Windows\system32;C:\Windows;C:\Windows\System32\Wbem;C:\Windows\System32\WindowsPowerShell\v1.0\;C:\Program Files\NVIDIA Corporation\NVIDIA NvDLISR;C:\Program Files\dotnet\;C:\Program Files\Microsoft SQL Server\130\Tools\Binn\;C:\Program Files (x86)\NVIDIA Corporation\PhysX\Common;F:\Git\cmd;C:\Program Files\nodejs\;C:\Users\Administrator\AppData\Local\Microsoft\WindowsApps;E:\IDEA\IntelliJ IDEA 2019.1\bin;C:\Users\Administrator\AppData\Local\GitHubDesktop\bin;C:\Users\Administrator\AppData\Roaming\npm;C:\Program Files\Java\jdk\bin;C:\Program Files\Java\jdk\jre\bin;D:\Maven\bin;;F:\eclipse_win64;;."/>
    <property name="maven.conf" value="D:\Maven\bin\../conf"/>
    <property name="java.specification.name" value="Java Platform API Specification"/>
    <property name="java.class.version" value="52.0"/>
    <property name="sun.management.compiler" value="HotSpot 64-Bit Tiered Compilers"/>
    <property name="os.version" value="10.0"/>
    <property name="library.jansi.path" value="D:\Maven\bin\..\lib\jansi-native"/>
    <property name="user.home" value="C:\Users\Administrator"/>
    <property name="user.timezone" value="Asia/Shanghai"/>
    <property name="java.awt.printerjob" value="sun.awt.windows.WPrinterJob"/>
    <property name="java.specification.version" value="1.8"/>
    <property name="file.encoding" value="GBK"/>
    <property name="user.name" value="Administrator"/>
    <property name="java.class.path" value="D:\Maven\bin\..\boot\plexus-classworlds-2.6.0.jar"/>
    <property name="java.vm.specification.version" value="1.8"/>
    <property name="sun.arch.data.model" value="64"/>
    <property name="java.home" value="C:\Program Files\Java\jdk\jre"/>
    <property name="sun.java.command" value="org.codehaus.plexus.classworlds.launcher.Launcher -file C:/mooctest/projects/2954/39039/Jipa -s C:/mooctest/projects/2954/39039/Jipa\.mvn\settings.xml test cn.edu.nju:mcnode-maven-plugin:result"/>
    <property name="java.specification.vendor" value="Oracle Corporation"/>
    <property name="user.language" value="zh"/>
    <property name="awt.toolkit" value="sun.awt.windows.WToolkit"/>
    <property name="java.vm.info" value="mixed mode"/>
    <property name="java.version" value="1.8.0_201"/>
    <property name="java.ext.dirs" value="C:\Program Files\Java\jdk\jre\lib\ext;C:\Windows\Sun\Java\lib\ext"/>
    <property name="sun.boot.class.path" value="C:\Program Files\Java\jdk\jre\lib\resources.jar;C:\Program Files\Java\jdk\jre\lib\rt.jar;C:\Program Files\Java\jdk\jre\lib\sunrsasign.jar;C:\Program Files\Java\jdk\jre\lib\jsse.jar;C:\Program Files\Java\jdk\jre\lib\jce.jar;C:\Program Files\Java\jdk\jre\lib\charsets.jar;C:\Program Files\Java\jdk\jre\lib\jfr.jar;C:\Program Files\Java\jdk\jre\classes"/>
    <property name="java.vendor" value="Oracle Corporation"/>
    <property name="maven.home" value="D:\Maven\bin\.."/>
    <property name="file.separator" value="\"/>
    <property name="java.vendor.url.bug" value="http://bugreport.sun.com/bugreport/"/>
    <property name="sun.cpu.endian" value="little"/>
    <property name="sun.io.unicode.encoding" value="UnicodeLittle"/>
    <property name="sun.desktop" value="windows"/>
    <property name="sun.cpu.isalist" value="amd64"/>
  </properties>
  <testcase classname="net.mooctest.JipaTest" name="tedst11" time="0.015"/>
  <testcase classname="net.mooctest.JipaTest" name="tedst12" time="0"/>
  <testcase classname="net.mooctest.JipaTest" name="tesat07" time="0.002"/>
  <testcase classname="net.mooctest.JipaTest" name="tesct14" time="0.001"/>
  <testcase classname="net.mooctest.JipaTest" name="tesdt08" time="0"/>
  <testcase classname="net.mooctest.JipaTest" name="tesdt09" time="0"/>
  <testcase classname="net.mooctest.JipaTest" name="test1b6" time="0.002"/>
  <testcase classname="net.mooctest.JipaTest" name="test332" time="0.006"/>
  <testcase classname="net.mooctest.JipaTest" name="tesst10" time="0"/>
  <testcase classname="net.mooctest.JipaTest" name="testa00" time="0.001"/>
  <testcase classname="net.mooctest.JipaTest" name="testa01" time="0"/>
  <testcase classname="net.mooctest.JipaTest" name="testa04" time="0.001"/>
  <testcase classname="net.mooctest.JipaTest" name="testa05" time="0"/>
  <testcase classname="net.mooctest.JipaTest" name="testa06" time="0.011"/>
  <testcase classname="net.mooctest.JipaTest" name="testd17" time="0.002"/>
  <testcase classname="net.mooctest.JipaTest" name="testq19" time="0.003"/>
  <testcase classname="net.mooctest.JipaTest" name="testv15" time="0"/>
  <testcase classname="net.mooctest.JipaTest" name="test33245" time="0.001"/>
  <testcase classname="net.mooctest.JipaTest" name="test33245670" time="0"/>
  <testcase classname="net.mooctest.JipaTest" name="test2222" time="0"/>
  <testcase classname="net.mooctest.JipaTest" name="test3324" time="0.001"/>
  <testcase classname="net.mooctest.JipaTest" name="testwd18" time="0.001"/>
  <testcase classname="net.mooctest.JipaTest" name="teszat13" time="0"/>
  <testcase classname="net.mooctest.JipaTest" name="test00" time="0.001"/>
  <testcase classname="net.mooctest.JipaTest" name="test01" time="0.001"/>
  <testcase classname="net.mooctest.JipaTest" name="test02" time="0"/>
  <testcase classname="net.mooctest.JipaTest" name="test03" time="0.001"/>
  <testcase classname="net.mooctest.JipaTest" name="test04" time="0"/>
  <testcase classname="net.mooctest.JipaTest" name="test08" time="0.001"/>
  <testcase classname="net.mooctest.JipaTest" name="test09" time="0"/>
  <testcase classname="net.mooctest.JipaTest" name="test10" time="0.001"/>
  <testcase classname="net.mooctest.JipaTest" name="test12" time="0"/>
  <testcase classname="net.mooctest.JipaTest" name="test13" time="0.001"/>
  <testcase classname="net.mooctest.JipaTest" name="test15" time="0"/>
  <testcase classname="net.mooctest.JipaTest" name="test16" time="0"/>
  <testcase classname="net.mooctest.JipaTest" name="test17" time="0.001"/>
  <testcase classname="net.mooctest.JipaTest" name="test18" time="0"/>
  <testcase classname="net.mooctest.JipaTest" name="test19" time="0.001"/>
  <testcase classname="net.mooctest.JipaTest" name="test32" time="0"/>
  <testcase classname="net.mooctest.JipaTest" name="test34" time="0"/>
  <testcase classname="net.mooctest.JipaTest" name="test" time="0.001"/>
  <testcase classname="net.mooctest.JipaTest" name="test0" time="0"/>
  <testcase classname="net.mooctest.JipaTest" name="test1" time="0"/>
  <testcase classname="net.mooctest.JipaTest" name="test2" time="0.001"/>
  <testcase classname="net.mooctest.JipaTest" name="test3" time="0"/>
  <testcase classname="net.mooctest.JipaTest" name="test4" time="0"/>
  <testcase classname="net.mooctest.JipaTest" name="test332456" time="0.001"/>
  <testcase classname="net.mooctest.JipaTest" name="test3324567" time="0"/>
</testsuite>